<?xml version="1.0" encoding="UTF-8"?>
<!-- Generated by org.testng.reporters.JUnitXMLReporter -->
<testsuite ignored="14" hostname="Ameet" failures="0" tests="1" name="Default test" time="13.402" errors="0" timestamp="2024-12-27T16:05:46 IST">
  <testcase classname="testcases.RestAssured_TestCases_PL1" name="substoreWiseDisp" time="13.256"/>
  <testcase classname="testcases.RestAssured_TestCases_PL1" name="inventoryItemByStoreId" time="0.0">
    <ignored/>
  </testcase> <!-- inventoryItemByStoreId -->
  <testcase classname="testcases.RestAssured_TestCases_PL1" name="verifyRequisitionAndDispatchFields" time="0.0">
    <ignored/>
  </testcase> <!-- verifyRequisitionAndDispatchFields -->
  <testcase classname="testcases.RestAssured_TestCases_PL1" name="requisitionItems" time="0.0">
    <ignored/>
  </testcase> <!-- requisitionItems -->
  <testcase classname="testcases.RestAssured_TestCases_PL1" name="mostSoldMedicine" time="0.0">
    <ignored/>
  </testcase> <!-- mostSoldMedicine -->
  <testcase classname="testcases.RestAssured_TestCases_PL1" name="getAllItemsTest" time="0.0">
    <ignored/>
  </testcase> <!-- getAllItemsTest -->
  <testcase classname="testcases.RestAssured_TestCases_PL1" name="getIncenEmpBillItems" time="0.0">
    <ignored/>
  </testcase> <!-- getIncenEmpBillItems -->
  <testcase classname="testcases.RestAssured_TestCases_PL1" name="activateInventory" time="0.0">
    <ignored/>
  </testcase> <!-- activateInventory -->
  <testcase classname="testcases.RestAssured_TestCases_PL1" name="getAllDepartmentsTest" time="0.0">
    <ignored/>
  </testcase> <!-- getAllDepartmentsTest -->
  <testcase classname="testcases.RestAssured_TestCases_PL1" name="getHospitalIncomeIncReport" time="0.0">
    <ignored/>
  </testcase> <!-- getHospitalIncomeIncReport -->
  <testcase classname="testcases.RestAssured_TestCases_PL1" name="getIncentiveSummary" time="0.0">
    <ignored/>
  </testcase> <!-- getIncentiveSummary -->
  <testcase classname="testcases.RestAssured_TestCases_PL1" name="availableItems" time="0.0">
    <ignored/>
  </testcase> <!-- availableItems -->
  <testcase classname="testcases.RestAssured_TestCases_PL1" name="getInventoryFiscalYears" time="0.0">
    <ignored/>
  </testcase> <!-- getInventoryFiscalYears -->
  <testcase classname="testcases.RestAssured_TestCases_PL1" name="inventorySubCategory" time="0.0">
    <ignored/>
  </testcase> <!-- inventorySubCategory -->
  <testcase classname="testcases.RestAssured_TestCases_PL1" name="getIncentiveReffSummary" time="0.0">
    <ignored/>
  </testcase> <!-- getIncentiveReffSummary -->
</testsuite> <!-- Default test -->
